<?xml version="1.0" encoding="UTF-8"?>
<testsuite name="org.fs.xmlrpcclient.XMLRpcObjectSerializationTest" tests="5" skipped="0" failures="0" errors="0" timestamp="2018-10-18T12:32:15" hostname="Fatih-MacBook-Pro.local" time="0.086">
  <properties/>
  <testcase name="testObjectWithInteger" classname="org.fs.xmlrpcclient.XMLRpcObjectSerializationTest" time="0.06"/>
  <testcase name="testObjectWithString" classname="org.fs.xmlrpcclient.XMLRpcObjectSerializationTest" time="0.006"/>
  <testcase name="testObjectWithDate" classname="org.fs.xmlrpcclient.XMLRpcObjectSerializationTest" time="0.014"/>
  <testcase name="testObjectWithLong" classname="org.fs.xmlrpcclient.XMLRpcObjectSerializationTest" time="0.003"/>
  <testcase name="testObjectWithBoolean" classname="org.fs.xmlrpcclient.XMLRpcObjectSerializationTest" time="0.002"/>
  <system-out><![CDATA[]]></system-out>
  <system-err><![CDATA[]]></system-err>
</testsuite>
