<?xml version="1.0" encoding="UTF-8"?>
<testsuite name="org.fs.xml.ExampleUnitTest" tests="1" skipped="0" failures="0" errors="0" timestamp="2018-10-18T12:17:52" hostname="Fatih-MacBook-Pro.local" time="0.0">
  <properties/>
  <testcase name="addition_isCorrect" classname="org.fs.xml.ExampleUnitTest" time="0.0"/>
  <system-out><![CDATA[]]></system-out>
  <system-err><![CDATA[]]></system-err>
</testsuite>
